This is XeTeX, Version 3.141592653-2.6-0.999993 (TeX Live 2021/W32TeX) (preloaded format=xelatex 2022.1.10)  10 JAN 2022 20:45
entering extended mode
 restricted \write18 enabled.
 %&-line parsing enabled.
**versions/Chin_Chapter_4_2022-01-10.tex
(./versions/Chin_Chapter_4_2022-01-10.tex
LaTeX2e <2021-11-15> patch level 1
L3 programming layer <2021-11-22> (c:/Users/kenji/AppData/Roaming/TinyTeX/texmf-dist/tex/latex/base/report.cls
Document Class: report 2021/10/04 v1.4n Standard LaTeX document class
(c:/Users/kenji/AppData/Roaming/TinyTeX/texmf-dist/tex/latex/base/size10.clo
File: size10.clo 2021/10/04 v1.4n Standard LaTeX file (size option)
)
\c@part=\count179
\c@chapter=\count180
\c@section=\count181
\c@subsection=\count182
\c@subsubsection=\count183
\c@paragraph=\count184
\c@subparagraph=\count185
\c@figure=\count186
\c@table=\count187
\abovecaptionskip=\skip47
\belowcaptionskip=\skip48
\bibindent=\dimen138
) (c:/Users/kenji/AppData/Roaming/TinyTeX/texmf-dist/tex/latex/geometry/geometry.sty
Package: geometry 2020/01/02 v5.9 Page Geometry
(c:/Users/kenji/AppData/Roaming/TinyTeX/texmf-dist/tex/latex/graphics/keyval.sty
Package: keyval 2014/10/28 v1.15 key=value parser (DPC)
\KV@toks@=\toks16
) (c:/Users/kenji/AppData/Roaming/TinyTeX/texmf-dist/tex/generic/iftex/ifvtex.sty
Package: ifvtex 2019/10/25 v1.7 ifvtex legacy package. Use iftex instead.
(c:/Users/kenji/AppData/Roaming/TinyTeX/texmf-dist/tex/generic/iftex/iftex.sty
Package: iftex 2020/03/06 v1.0d TeX engine tests
))
\Gm@cnth=\count188
\Gm@cntv=\count189
\c@Gm@tempcnt=\count190
\Gm@bindingoffset=\dimen139
\Gm@wd@mp=\dimen140
\Gm@odd@mp=\dimen141
\Gm@even@mp=\dimen142
\Gm@layoutwidth=\dimen143
\Gm@layoutheight=\dimen144
\Gm@layouthoffset=\dimen145
\Gm@layoutvoffset=\dimen146
\Gm@dimlist=\toks17
) (c:/Users/kenji/AppData/Roaming/TinyTeX/texmf-dist/tex/latex/fancyhdr/fancyhdr.sty
Package: fancyhdr 2021/01/28 v4.0.1 Extensive control of page headers and footers
\f@nch@headwidth=\skip49
\f@nch@O@elh=\skip50
\f@nch@O@erh=\skip51
\f@nch@O@olh=\skip52
\f@nch@O@orh=\skip53
\f@nch@O@elf=\skip54
\f@nch@O@erf=\skip55
\f@nch@O@olf=\skip56
\f@nch@O@orf=\skip57
) (c:/Users/kenji/AppData/Roaming/TinyTeX/texmf-dist/tex/latex/base/fontenc.sty
Package: fontenc 2021/04/29 v2.0v Standard LaTeX package
LaTeX Font Info:    Trying to load font information for T1+lmr on input line 112.
(c:/Users/kenji/AppData/Roaming/TinyTeX/texmf-dist/tex/latex/lm/t1lmr.fd
File: t1lmr.fd 2015/05/01 v1.6.1 Font defs for Latin Modern
)) (c:/Users/kenji/AppData/Roaming/TinyTeX/texmf-dist/tex/latex/microtype/microtype.sty
Package: microtype 2021/12/10 v3.0b Micro-typographical refinements (RS)
(c:/Users/kenji/AppData/Roaming/TinyTeX/texmf-dist/tex/latex/etoolbox/etoolbox.sty
Package: etoolbox 2020/10/05 v2.5k e-TeX tools for LaTeX (JAW)
\etb@tempcnta=\count191
)
\MT@toks=\toks18
\MT@count=\count192
\MT@tempbox=\box50
LaTeX Info: Redefining \leftprotrusion on input line 1010.
LaTeX Info: Redefining \rightprotrusion on input line 1018.
LaTeX Info: Redefining \textls on input line 1173.
\MT@outer@kern=\dimen147
LaTeX Info: Redefining \textmicrotypecontext on input line 1759.
\MT@listname@count=\count193
(c:/Users/kenji/AppData/Roaming/TinyTeX/texmf-dist/tex/latex/microtype/microtype-xetex.def
File: microtype-xetex.def 2021/12/10 v3.0b Definitions specific to xetex (RS)
LaTeX Info: Redefining \lsstyle on input line 234.
)
Package microtype Info: Loading configuration file microtype.cfg.
(c:/Users/kenji/AppData/Roaming/TinyTeX/texmf-dist/tex/latex/microtype/microtype.cfg
File: microtype.cfg 2021/12/10 v3.0b microtype main configuration file (RS)
)) (c:/Users/kenji/AppData/Roaming/TinyTeX/texmf-dist/tex/latex/fontspec/fontspec.sty (c:/Users/kenji/AppData/Roaming/TinyTeX/texmf-dist/tex/latex/l3packages/xparse/xparse.sty (c:/Users/kenji/AppData/Roaming/TinyTeX/texmf-dist/tex/latex/l3kernel/expl3.sty
Package: expl3 2021-11-22 L3 programming layer (loader) 
(c:/Users/kenji/AppData/Roaming/TinyTeX/texmf-dist/tex/latex/l3backend/l3backend-xetex.def
File: l3backend-xetex.def 2021-12-14 L3 backend support: XeTeX
(|extractbb --version)
\c__kernel_sys_dvipdfmx_version_int=\count194
\l__color_backend_stack_int=\count195
\g__color_backend_stack_int=\count196
\g__graphics_track_int=\count197
\l__pdf_internal_box=\box51
\g__pdf_backend_object_int=\count198
\g__pdf_backend_annotation_int=\count199
\g__pdf_backend_link_int=\count266
))
Package: xparse 2021-11-12 L3 Experimental document command parser
)
Package: fontspec 2020/02/21 v2.7i Font selection for XeLaTeX and LuaLaTeX
(c:/Users/kenji/AppData/Roaming/TinyTeX/texmf-dist/tex/latex/fontspec/fontspec-xetex.sty
Package: fontspec-xetex 2020/02/21 v2.7i Font selection for XeLaTeX and LuaLaTeX
\l__fontspec_script_int=\count267
\l__fontspec_language_int=\count268
\l__fontspec_strnum_int=\count269
\l__fontspec_tmp_int=\count270
\l__fontspec_tmpa_int=\count271
\l__fontspec_tmpb_int=\count272
\l__fontspec_tmpc_int=\count273
\l__fontspec_em_int=\count274
\l__fontspec_emdef_int=\count275
\l__fontspec_strong_int=\count276
\l__fontspec_strongdef_int=\count277
\l__fontspec_tmpa_dim=\dimen148
\l__fontspec_tmpb_dim=\dimen149
\l__fontspec_tmpc_dim=\dimen150
(c:/Users/kenji/AppData/Roaming/TinyTeX/texmf-dist/tex/latex/base/fontenc.sty
Package: fontenc 2021/04/29 v2.0v Standard LaTeX package
) (c:/Users/kenji/AppData/Roaming/TinyTeX/texmf-dist/tex/latex/fontspec/fontspec.cfg))) (c:/Users/kenji/AppData/Roaming/TinyTeX/texmf-dist/tex/latex/psnfss/helvet.sty
Package: helvet 2020/03/25 PSNFSS-v9.3 (WaS) 
) (c:/Users/kenji/AppData/Roaming/TinyTeX/texmf-dist/tex/latex/silence/silence.sty
Package: silence 2012/07/02 v1.5b Selective filtering of warnings and error messages
\sl@Save=\count278
\sl@StateNumber=\count279
\sl@MessageCount=\count280
\sl@Casualties=\count281
\sl@Filter=\toks19
\sl@Message=\toks20
\sl@UnexpandedMessage=\toks21
\sl@Mess@ge=\toks22
\sl@WarningCount=\count282
\sl@WarningNumber=\count283
\sl@WarningCasualties=\count284
\sl@TempBOW=\toks23
\sl@BankOfWarnings=\toks24
LaTeX Info: Redefining \GenericWarning on input line 433.
\sl@ErrorCount=\count285
\sl@ErrorNumber=\count286
\sl@ErrorCasualties=\count287
\sl@TempBOE=\toks25
\sl@BankOfErrors=\toks26
LaTeX Info: Redefining \GenericError on input line 601.
) (c:/Users/kenji/AppData/Roaming/TinyTeX/texmf-dist/tex/latex/sectsty/sectsty.sty
Package: sectsty 2002/02/25 v2.0.2 Commands to change all sectional heading styles
) (c:/Users/kenji/AppData/Roaming/TinyTeX/texmf-dist/tex/latex/psnfss/mathpazo.sty
Package: mathpazo 2020/03/25 PSNFSS-v9.3 Palatino w/ Pazo Math (D.Puga, WaS) 
\symupright=\mathgroup4
) (c:/Users/kenji/AppData/Roaming/TinyTeX/texmf-dist/tex/latex/baskervald/baskervald.sty
Package: baskervald 2010/07/13 v1.0 baskervald
(c:/Users/kenji/AppData/Roaming/TinyTeX/texmf-dist/tex/latex/xkeyval/xkeyval.sty
Package: xkeyval 2020/11/20 v2.8 package option processing (HA)
(c:/Users/kenji/AppData/Roaming/TinyTeX/texmf-dist/tex/generic/xkeyval/xkeyval.tex (c:/Users/kenji/AppData/Roaming/TinyTeX/texmf-dist/tex/generic/xkeyval/xkvutils.tex
\XKV@toks=\toks27
\XKV@tempa@toks=\toks28
)
\XKV@depth=\count288
File: xkeyval.tex 2014/12/03 v2.7a key=value parser (HA)
)) (c:/Users/kenji/AppData/Roaming/TinyTeX/texmf-dist/tex/latex/base/fontenc.sty
Package: fontenc 2021/04/29 v2.0v Standard LaTeX package
LaTeX Font Info:    Trying to load font information for T1+ppl on input line 112.
(c:/Users/kenji/AppData/Roaming/TinyTeX/texmf-dist/tex/latex/psnfss/t1ppl.fd
File: t1ppl.fd 2001/06/04 font definitions for T1/ppl.
)) (c:/Users/kenji/AppData/Roaming/TinyTeX/texmf-dist/tex/latex/base/textcomp.sty
Package: textcomp 2020/02/02 v2.0n Standard LaTeX package
) (c:/Users/kenji/AppData/Roaming/TinyTeX/texmf-dist/tex/latex/nfssext-cfr/nfssext-cfr.sty (c:/Users/kenji/AppData/Roaming/TinyTeX/texmf-dist/tex/latex/svn-prov/svn-prov.sty
Package: svn-prov 2010/04/24 v3.1862 Package Date/Version from SVN Keywords
)
Package: nfssext-cfr 2017/03/28 (SVN Rev: 6140){} specially mangled by cfr; based on 2003/03/14 v1.2 Experimental NFSS Extensions
(c:/Users/kenji/AppData/Roaming/TinyTeX/texmf-dist/tex/latex/base/ifthen.sty
Package: ifthen 2020/11/24 v1.1c Standard LaTeX ifthen package (DPC)
)
\c@taken=\count289
LaTeX Info: Redefining \itshape on input line 515.
LaTeX Info: Redefining \scshape on input line 523.
LaTeX Info: Redefining \upshape on input line 537.
LaTeX Info: Redefining \swshape on input line 544.
LaTeX Info: Redefining \textsw on input line 553.
)) (c:/Users/kenji/AppData/Roaming/TinyTeX/texmf-dist/tex/latex/inconsolata/zi4.sty
Package: zi4 2019/05/17 v1.12
`inconsolata-zi4' v1.12, 2019/05/17 Text macros for Inconsolata (msharpe)
\zifour@ocount=\count290
) (c:/Users/kenji/AppData/Roaming/TinyTeX/texmf-dist/tex/generic/ulem/ulem.sty
\UL@box=\box52
\UL@hyphenbox=\box53
\UL@skip=\skip58
\UL@hook=\toks29
\UL@height=\dimen151
\UL@pe=\count291
\UL@pixel=\dimen152
\ULC@box=\box54
Package: ulem 2019/11/18
\ULdepth=\dimen153
) (c:/Users/kenji/AppData/Roaming/TinyTeX/texmf-dist/tex/latex/hyperref/hyperref.sty
Package: hyperref 2021-06-07 v7.00m Hypertext links for LaTeX
(c:/Users/kenji/AppData/Roaming/TinyTeX/texmf-dist/tex/generic/ltxcmds/ltxcmds.sty
Package: ltxcmds 2020-05-10 v1.25 LaTeX kernel commands for general use (HO)
) (c:/Users/kenji/AppData/Roaming/TinyTeX/texmf-dist/tex/generic/pdftexcmds/pdftexcmds.sty
Package: pdftexcmds 2020-06-27 v0.33 Utility functions of pdfTeX for LuaTeX (HO)
(c:/Users/kenji/AppData/Roaming/TinyTeX/texmf-dist/tex/generic/infwarerr/infwarerr.sty
Package: infwarerr 2019/12/03 v1.5 Providing info/warning/error messages (HO)
)
Package pdftexcmds Info: \pdf@primitive is available.
Package pdftexcmds Info: \pdf@ifprimitive is available.
Package pdftexcmds Info: \pdfdraftmode not found.
) (c:/Users/kenji/AppData/Roaming/TinyTeX/texmf-dist/tex/generic/kvsetkeys/kvsetkeys.sty
Package: kvsetkeys 2019/12/15 v1.18 Key value parser (HO)
) (c:/Users/kenji/AppData/Roaming/TinyTeX/texmf-dist/tex/generic/kvdefinekeys/kvdefinekeys.sty
Package: kvdefinekeys 2019-12-19 v1.6 Define keys (HO)
) (c:/Users/kenji/AppData/Roaming/TinyTeX/texmf-dist/tex/generic/pdfescape/pdfescape.sty
Package: pdfescape 2019/12/09 v1.15 Implements pdfTeX's escape features (HO)
) (c:/Users/kenji/AppData/Roaming/TinyTeX/texmf-dist/tex/latex/hycolor/hycolor.sty
Package: hycolor 2020-01-27 v1.10 Color options for hyperref/bookmark (HO)
) (c:/Users/kenji/AppData/Roaming/TinyTeX/texmf-dist/tex/latex/letltxmacro/letltxmacro.sty
Package: letltxmacro 2019/12/03 v1.6 Let assignment for LaTeX macros (HO)
) (c:/Users/kenji/AppData/Roaming/TinyTeX/texmf-dist/tex/latex/auxhook/auxhook.sty
Package: auxhook 2019-12-17 v1.6 Hooks for auxiliary files (HO)
) (c:/Users/kenji/AppData/Roaming/TinyTeX/texmf-dist/tex/latex/kvoptions/kvoptions.sty
Package: kvoptions 2020-10-07 v3.14 Key value format for package options (HO)
)
\@linkdim=\dimen154
\Hy@linkcounter=\count292
\Hy@pagecounter=\count293
(c:/Users/kenji/AppData/Roaming/TinyTeX/texmf-dist/tex/latex/hyperref/pd1enc.def
File: pd1enc.def 2021-06-07 v7.00m Hyperref: PDFDocEncoding definition (HO)
) (c:/Users/kenji/AppData/Roaming/TinyTeX/texmf-dist/tex/latex/hyperref/hyperref-langpatches.def
File: hyperref-langpatches.def 2021-06-07 v7.00m Hyperref: patches for babel languages
) (c:/Users/kenji/AppData/Roaming/TinyTeX/texmf-dist/tex/generic/intcalc/intcalc.sty
Package: intcalc 2019/12/15 v1.3 Expandable calculations with integers (HO)
) (c:/Users/kenji/AppData/Roaming/TinyTeX/texmf-dist/tex/generic/etexcmds/etexcmds.sty
Package: etexcmds 2019/12/15 v1.7 Avoid name clashes with e-TeX commands (HO)
)
\Hy@SavedSpaceFactor=\count294
(c:/Users/kenji/AppData/Roaming/TinyTeX/texmf-dist/tex/latex/hyperref/puenc.def
File: puenc.def 2021-06-07 v7.00m Hyperref: PDF Unicode definition (HO)
)
Package hyperref Info: Option `colorlinks' set `true' on input line 4073.
Package hyperref Info: Hyper figures OFF on input line 4192.
Package hyperref Info: Link nesting OFF on input line 4197.
Package hyperref Info: Hyper index ON on input line 4200.
Package hyperref Info: Plain pages OFF on input line 4207.
Package hyperref Info: Backreferencing OFF on input line 4212.
Package hyperref Info: Implicit mode ON; LaTeX internals redefined.
Package hyperref Info: Bookmarks ON on input line 4445.
\c@Hy@tempcnt=\count295
(c:/Users/kenji/AppData/Roaming/TinyTeX/texmf-dist/tex/latex/url/url.sty
\Urlmuskip=\muskip16
Package: url 2013/09/16  ver 3.4  Verb mode for urls, etc.
)
LaTeX Info: Redefining \url on input line 4804.
\XeTeXLinkMargin=\dimen155
(c:/Users/kenji/AppData/Roaming/TinyTeX/texmf-dist/tex/generic/bitset/bitset.sty
Package: bitset 2019/12/09 v1.3 Handle bit-vector datatype (HO)
(c:/Users/kenji/AppData/Roaming/TinyTeX/texmf-dist/tex/generic/bigintcalc/bigintcalc.sty
Package: bigintcalc 2019/12/15 v1.5 Expandable calculations on big integers (HO)
))
\Fld@menulength=\count296
\Field@Width=\dimen156
\Fld@charsize=\dimen157
Package hyperref Info: Hyper figures OFF on input line 6076.
Package hyperref Info: Link nesting OFF on input line 6081.
Package hyperref Info: Hyper index ON on input line 6084.
Package hyperref Info: backreferencing OFF on input line 6091.
Package hyperref Info: Link coloring ON on input line 6094.
Package hyperref Info: Link coloring with OCG OFF on input line 6101.
Package hyperref Info: PDF/A mode OFF on input line 6106.
LaTeX Info: Redefining \ref on input line 6146.
LaTeX Info: Redefining \pageref on input line 6150.
(c:/Users/kenji/AppData/Roaming/TinyTeX/texmf-dist/tex/latex/base/atbegshi-ltx.sty
Package: atbegshi-ltx 2021/01/10 v1.0c Emulation of the original atbegshi
package with kernel methods
)
\Hy@abspage=\count297
\c@Item=\count298
\c@Hfootnote=\count299
)
Package hyperref Info: Driver (autodetected): hxetex.
(c:/Users/kenji/AppData/Roaming/TinyTeX/texmf-dist/tex/latex/hyperref/hxetex.def
File: hxetex.def 2021-06-07 v7.00m Hyperref driver for XeTeX
(c:/Users/kenji/AppData/Roaming/TinyTeX/texmf-dist/tex/generic/stringenc/stringenc.sty
Package: stringenc 2019/11/29 v1.12 Convert strings between diff. encodings (HO)
)
\pdfm@box=\box55
\c@Hy@AnnotLevel=\count300
\HyField@AnnotCount=\count301
\Fld@listcount=\count302
\c@bookmark@seq@number=\count303
(c:/Users/kenji/AppData/Roaming/TinyTeX/texmf-dist/tex/latex/rerunfilecheck/rerunfilecheck.sty
Package: rerunfilecheck 2019/12/05 v1.9 Rerun checks for auxiliary files (HO)
(c:/Users/kenji/AppData/Roaming/TinyTeX/texmf-dist/tex/latex/base/atveryend-ltx.sty
Package: atveryend-ltx 2020/08/19 v1.0a Emulation of the original atveryend package
with kernel methods
) (c:/Users/kenji/AppData/Roaming/TinyTeX/texmf-dist/tex/generic/uniquecounter/uniquecounter.sty
Package: uniquecounter 2019/12/15 v1.4 Provide unlimited unique counter (HO)
)
Package uniquecounter Info: New unique counter `rerunfilecheck' on input line 286.
)
\Hy@SectionHShift=\skip59
)
\cslhangindent=\skip60
(c:/Users/kenji/AppData/Roaming/TinyTeX/texmf-dist/tex/latex/graphics/color.sty
Package: color 2021/12/07 v1.3c Standard LaTeX Color (DPC)
(c:/Users/kenji/AppData/Roaming/TinyTeX/texmf-dist/tex/latex/graphics-cfg/color.cfg
File: color.cfg 2016/01/02 v1.6 sample color configuration
)
Package color Info: Driver file: xetex.def on input line 149.
(c:/Users/kenji/AppData/Roaming/TinyTeX/texmf-dist/tex/latex/graphics-def/xetex.def
File: xetex.def 2021/03/18 v5.0k Graphics/color driver for xetex
)) (c:/Users/kenji/AppData/Roaming/TinyTeX/texmf-dist/tex/latex/fancyvrb/fancyvrb.sty
Package: fancyvrb 2021/12/21 4.1b verbatim text (tvz,hv)
\FV@CodeLineNo=\count304
\FV@InFile=\read2
\FV@TabBox=\box56
\c@FancyVerbLine=\count305
\FV@StepNumber=\count306
\FV@OutFile=\write3
) (c:/Users/kenji/AppData/Roaming/TinyTeX/texmf-dist/tex/latex/framed/framed.sty
Package: framed 2011/10/22 v 0.96: framed or shaded text with page breaks
\OuterFrameSep=\skip61
\fb@frw=\dimen158
\fb@frh=\dimen159
\FrameRule=\dimen160
\FrameSep=\dimen161
)
\singlebaselineskip=\skip62
\frontmatterbaselineskip=\skip63
\textbaselineskip=\skip64
(c:/Users/kenji/AppData/Roaming/TinyTeX/texmf-dist/tex/latex/enumitem/enumitem.sty
Package: enumitem 2019/06/20 v3.9 Customized lists
\labelindent=\skip65
\enit@outerparindent=\dimen162
\enit@toks=\toks30
\enit@inbox=\box57
\enit@count@id=\count307
\enitdp@description=\count308
)
\enitdp@abbrv=\count309
(c:/Users/kenji/AppData/Roaming/TinyTeX/texmf-dist/tex/latex/units/nicefrac.sty
Package: nicefrac 1998/08/04 v0.9b Nice fractions
\L@UnitsRaiseDisplaystyle=\skip66
\L@UnitsRaiseTextstyle=\skip67
\L@UnitsRaiseScriptstyle=\skip68
) (c:/Users/kenji/AppData/Roaming/TinyTeX/texmf-dist/tex/latex/amsmath/amsmath.sty
Package: amsmath 2021/10/15 v2.17l AMS math features
\@mathmargin=\skip69
For additional information on amsmath, use the `?' option.
(c:/Users/kenji/AppData/Roaming/TinyTeX/texmf-dist/tex/latex/amsmath/amstext.sty
Package: amstext 2021/08/26 v2.01 AMS text
(c:/Users/kenji/AppData/Roaming/TinyTeX/texmf-dist/tex/latex/amsmath/amsgen.sty
File: amsgen.sty 1999/11/30 v2.0 generic functions
\@emptytoks=\toks31
\ex@=\dimen163
)) (c:/Users/kenji/AppData/Roaming/TinyTeX/texmf-dist/tex/latex/amsmath/amsbsy.sty
Package: amsbsy 1999/11/29 v1.2d Bold Symbols
\pmbraise@=\dimen164
) (c:/Users/kenji/AppData/Roaming/TinyTeX/texmf-dist/tex/latex/amsmath/amsopn.sty
Package: amsopn 2021/08/26 v2.02 operator names
)
\inf@bad=\count310
LaTeX Info: Redefining \frac on input line 234.
\uproot@=\count311
\leftroot@=\count312
LaTeX Info: Redefining \overline on input line 399.
\classnum@=\count313
\DOTSCASE@=\count314
LaTeX Info: Redefining \ldots on input line 496.
LaTeX Info: Redefining \dots on input line 499.
LaTeX Info: Redefining \cdots on input line 620.
\Mathstrutbox@=\box58
\strutbox@=\box59
\big@size=\dimen165
LaTeX Font Info:    Redeclaring font encoding OML on input line 743.
LaTeX Font Info:    Redeclaring font encoding OMS on input line 744.
\macc@depth=\count315
\c@MaxMatrixCols=\count316
\dotsspace@=\muskip17
\c@parentequation=\count317
\dspbrk@lvl=\count318
\tag@help=\toks32
\row@=\count319
\column@=\count320
\maxfields@=\count321
\andhelp@=\toks33
\eqnshift@=\dimen166
\alignsep@=\dimen167
\tagshift@=\dimen168
\tagwidth@=\dimen169
\totwidth@=\dimen170
\lineht@=\dimen171
\@envbody=\toks34
\multlinegap=\skip70
\multlinetaggap=\skip71
\mathdisplay@stack=\toks35
LaTeX Info: Redefining \[ on input line 2938.
LaTeX Info: Redefining \] on input line 2939.
) (c:/Users/kenji/AppData/Roaming/TinyTeX/texmf-dist/tex/latex/amsfonts/amssymb.sty
Package: amssymb 2013/01/14 v3.01 AMS font symbols
(c:/Users/kenji/AppData/Roaming/TinyTeX/texmf-dist/tex/latex/amsfonts/amsfonts.sty
Package: amsfonts 2013/01/14 v3.01 Basic AMSFonts support
\symAMSa=\mathgroup5
\symAMSb=\mathgroup6
LaTeX Font Info:    Redeclaring math symbol \hbar on input line 98.
LaTeX Font Info:    Overwriting math alphabet `\mathfrak' in version `bold'
(Font)                  U/euf/m/n --> U/euf/b/n on input line 106.
)) (c:/Users/kenji/AppData/Roaming/TinyTeX/texmf-dist/tex/latex/tools/longtable.sty
Package: longtable 2021-09-01 v4.17 Multi-page Table package (DPC)
\LTleft=\skip72
\LTright=\skip73
\LTpre=\skip74
\LTpost=\skip75
\LTchunksize=\count322
\LTcapwidth=\dimen172
\LT@head=\box60
\LT@firsthead=\box61
\LT@foot=\box62
\LT@lastfoot=\box63
\LT@gbox=\box64
\LT@cols=\count323
\LT@rows=\count324
\c@LT@tables=\count325
\c@LT@chunks=\count326
\LT@p@ftn=\toks36
) (c:/Users/kenji/AppData/Roaming/TinyTeX/texmf-dist/tex/latex/caption/caption.sty
Package: caption 2020/10/26 v3.5g Customizing captions (AR)
(c:/Users/kenji/AppData/Roaming/TinyTeX/texmf-dist/tex/latex/caption/caption3.sty
Package: caption3 2020/10/21 v2.2e caption3 kernel (AR)
\captionmargin=\dimen173
\captionmargin@=\dimen174
\captionwidth=\dimen175
\caption@tempdima=\dimen176
\caption@indent=\dimen177
\caption@parindent=\dimen178
\caption@hangindent=\dimen179
Package caption Info: Standard document class detected.
)
\c@caption@flags=\count327
\c@continuedfloat=\count328
Package caption Info: hyperref package is loaded.
Package caption Info: longtable package is loaded.
(c:/Users/kenji/AppData/Roaming/TinyTeX/texmf-dist/tex/latex/caption/ltcaption.sty
Package: ltcaption 2020/05/30 v1.4b longtable captions (AR)
)) (c:/Users/kenji/AppData/Roaming/TinyTeX/texmf-dist/tex/latex/tools/multicol.sty
Package: multicol 2021/10/28 v1.9b multicolumn formatting (FMi)
\c@tracingmulticols=\count329
\mult@box=\box65
\multicol@leftmargin=\dimen180
\c@unbalance=\count330
\c@collectmore=\count331
\doublecol@number=\count332
\multicoltolerance=\count333
\multicolpretolerance=\count334
\full@width=\dimen181
\page@free=\dimen182
\premulticols=\dimen183
\postmulticols=\dimen184
\multicolsep=\skip76
\multicolbaselineskip=\skip77
\partial@page=\box66
\last@line=\box67
\maxbalancingoverflow=\dimen185
\mult@rightbox=\box68
\mult@grightbox=\box69
\mult@firstbox=\box70
\mult@gfirstbox=\box71
\@tempa=\box72
\@tempa=\box73
\@tempa=\box74
\@tempa=\box75
\@tempa=\box76
\@tempa=\box77
\@tempa=\box78
\@tempa=\box79
\@tempa=\box80
\@tempa=\box81
\@tempa=\box82
\@tempa=\box83
\@tempa=\box84
\@tempa=\box85
\@tempa=\box86
\@tempa=\box87
\@tempa=\box88
\@tempa=\box89
\@tempa=\box90
\@tempa=\box91
\@tempa=\box92
\@tempa=\box93
\@tempa=\box94
\@tempa=\box95
\@tempa=\box96
\@tempa=\box97
\@tempa=\box98
\@tempa=\box99
\@tempa=\box100
\@tempa=\box101
\@tempa=\box102
\@tempa=\box103
\@tempa=\box104
\@tempa=\box105
\@tempa=\box106
\@tempa=\box107
\c@minrows=\count335
\c@columnbadness=\count336
\c@finalcolumnbadness=\count337
\last@try=\dimen186
\multicolovershoot=\dimen187
\multicolundershoot=\dimen188
\mult@nat@firstbox=\box108
\colbreak@box=\box109
\mc@col@check@num=\count338
) (c:/Users/kenji/AppData/Roaming/TinyTeX/texmf-dist/tex/latex/multirow/multirow.sty
Package: multirow 2021/03/15 v2.8 Span multiple rows of a table
\multirow@colwidth=\skip78
\multirow@cntb=\count339
\multirow@dima=\skip79
\bigstrutjot=\dimen189
) (c:/Users/kenji/AppData/Roaming/TinyTeX/texmf-dist/tex/latex/tools/array.sty
Package: array 2021/10/04 v2.5f Tabular extension package (FMi)
\col@sep=\dimen190
\ar@mcellbox=\box110
\extrarowheight=\dimen191
\NC@list=\toks37
\extratabsurround=\skip80
\backup@length=\skip81
\ar@cellbox=\box111
) (c:/Users/kenji/AppData/Roaming/TinyTeX/texmf-dist/tex/latex/graphics/rotating.sty
Package: rotating 2016/08/11 v2.16d rotated objects in LaTeX
(c:/Users/kenji/AppData/Roaming/TinyTeX/texmf-dist/tex/latex/graphics/graphicx.sty
Package: graphicx 2021/09/16 v1.2d Enhanced LaTeX Graphics (DPC,SPQR)
(c:/Users/kenji/AppData/Roaming/TinyTeX/texmf-dist/tex/latex/graphics/graphics.sty
Package: graphics 2021/03/04 v1.4d Standard LaTeX Graphics (DPC,SPQR)
(c:/Users/kenji/AppData/Roaming/TinyTeX/texmf-dist/tex/latex/graphics/trig.sty
Package: trig 2021/08/11 v1.11 sin cos tan (DPC)
) (c:/Users/kenji/AppData/Roaming/TinyTeX/texmf-dist/tex/latex/graphics-cfg/graphics.cfg
File: graphics.cfg 2016/06/04 v1.11 sample graphics configuration
)
Package graphics Info: Driver file: xetex.def on input line 107.
)
\Gin@req@height=\dimen192
\Gin@req@width=\dimen193
)
\c@r@tfl@t=\count340
\rotFPtop=\skip82
\rotFPbot=\skip83
\rot@float@box=\box112
\rot@mess@toks=\toks38
) (c:/Users/kenji/AppData/Roaming/TinyTeX/texmf-dist/tex/latex/booktabs/booktabs.sty
Package: booktabs 2020/01/12 v1.61803398 Publication quality tables
\heavyrulewidth=\dimen194
\lightrulewidth=\dimen195
\cmidrulewidth=\dimen196
\belowrulesep=\dimen197
\belowbottomsep=\dimen198
\aboverulesep=\dimen199
\abovetopsep=\dimen256
\cmidrulesep=\dimen257
\cmidrulekern=\dimen258
\defaultaddspace=\dimen259
\@cmidla=\count341
\@cmidlb=\count342
\@aboverulesep=\dimen260
\@belowrulesep=\dimen261
\@thisruleclass=\count343
\@lastruleclass=\count344
\@thisrulewidth=\dimen262
) (c:/Users/kenji/AppData/Roaming/TinyTeX/texmf-dist/tex/latex/pdfpages/pdfpages.sty
Package: pdfpages 2021/03/06 v0.5t Insert pages of external PDF documents (AM)
(c:/Users/kenji/AppData/Roaming/TinyTeX/texmf-dist/tex/latex/tools/calc.sty
Package: calc 2017/05/25 v4.3 Infix arithmetic (KKT,FJ)
\calc@Acount=\count345
\calc@Bcount=\count346
\calc@Adimen=\dimen263
\calc@Bdimen=\dimen264
\calc@Askip=\skip84
\calc@Bskip=\skip85
LaTeX Info: Redefining \setlength on input line 80.
LaTeX Info: Redefining \addtolength on input line 81.
\calc@Ccount=\count347
\calc@Cskip=\skip86
) (c:/Users/kenji/AppData/Roaming/TinyTeX/texmf-dist/tex/latex/eso-pic/eso-pic.sty
Package: eso-pic 2020/10/14 v3.0a eso-pic (RN)
\ESO@tempdima=\dimen265
\ESO@tempdimb=\dimen266
)
\AM@pagewidth=\dimen267
\AM@pageheight=\dimen268
\AM@fboxrule=\dimen269
(c:/Users/kenji/AppData/Roaming/TinyTeX/texmf-dist/tex/latex/pdfpages/ppxetex.def
File: ppxetex.def 2021/03/06 v0.5t Pdfpages driver for XeTeX (AM)
)
\pdfpages@includegraphics@status=\count348
\AM@pagebox=\box113
\AM@global@opts=\toks39
\AM@pagecnt=\count349
\AM@toc@title=\toks40
\c@AM@survey=\count350
\AM@templatesizebox=\box114
) (c:/Users/kenji/AppData/Roaming/TinyTeX/texmf-dist/tex/latex/l3packages/xfrac/xfrac.sty (c:/Users/kenji/AppData/Roaming/TinyTeX/texmf-dist/tex/latex/l3packages/l3keys2e/l3keys2e.sty
Package: l3keys2e 2021-11-12 LaTeX2e option processing using LaTeX3 keys
) (c:/Users/kenji/AppData/Roaming/TinyTeX/texmf-dist/tex/latex/l3packages/xtemplate/xtemplate.sty
Package: xtemplate 2021-11-12 L3 Experimental prototype document functions
\l__xtemplate_tmp_dim=\dimen270
\l__xtemplate_tmp_int=\count351
\l__xtemplate_tmp_muskip=\muskip18
\l__xtemplate_tmp_skip=\skip87
)
Package: xfrac 2021-11-12 L3 Experimental split-level fractions
\l__xfrac_slash_box=\box115
\l__xfrac_tmp_box=\box116
\l__xfrac_denominator_bot_sep_dim=\dimen271
\l__xfrac_numerator_bot_sep_dim=\dimen272
\l__xfrac_numerator_top_sep_dim=\dimen273
\l__xfrac_slash_left_sep_dim=\dimen274
\l__xfrac_slash_right_sep_dim=\dimen275
\l__xfrac_slash_left_muskip=\muskip19
\l__xfrac_slash_right_muskip=\muskip20

Package xtemplate Info: Declaring object type 'xfrac' taking 3 argument(s) on
(xtemplate)             line 80.

)
LaTeX Font Info:    Trying to load font information for T1+ybv on input line 211.
(c:/Users/kenji/AppData/Roaming/TinyTeX/texmf-dist/tex/latex/baskervald/t1ybv.fd
File: t1ybv.fd 2010/07/13 Fontinst v1.933 font definitions for T1/ybv.
)
No file Chin_Chapter_4_2022-01-10.aux.
\openout1 = `Chin_Chapter_4_2022-01-10.aux'.

LaTeX Font Info:    Checking defaults for OML/cmm/m/it on input line 211.
LaTeX Font Info:    ... okay on input line 211.
LaTeX Font Info:    Checking defaults for OMS/cmsy/m/n on input line 211.
LaTeX Font Info:    ... okay on input line 211.
LaTeX Font Info:    Checking defaults for OT1/cmr/m/n on input line 211.
LaTeX Font Info:    ... okay on input line 211.
LaTeX Font Info:    Checking defaults for T1/cmr/m/n on input line 211.
LaTeX Font Info:    ... okay on input line 211.
LaTeX Font Info:    Checking defaults for TS1/cmr/m/n on input line 211.
LaTeX Font Info:    Trying to load font information for TS1+cmr on input line 211.
(c:/Users/kenji/AppData/Roaming/TinyTeX/texmf-dist/tex/latex/base/ts1cmr.fd
File: ts1cmr.fd 2019/12/16 v2.5j Standard LaTeX font definitions
)
LaTeX Font Info:    ... okay on input line 211.
LaTeX Font Info:    Checking defaults for TU/lmr/m/n on input line 211.
LaTeX Font Info:    ... okay on input line 211.
LaTeX Font Info:    Checking defaults for OMX/cmex/m/n on input line 211.
LaTeX Font Info:    ... okay on input line 211.
LaTeX Font Info:    Checking defaults for U/cmr/m/n on input line 211.
LaTeX Font Info:    ... okay on input line 211.
LaTeX Font Info:    Checking defaults for PD1/pdf/m/n on input line 211.
LaTeX Font Info:    ... okay on input line 211.
LaTeX Font Info:    Checking defaults for PU/pdf/m/n on input line 211.
LaTeX Font Info:    ... okay on input line 211.
*geometry* driver: auto-detecting
*geometry* detected driver: xetex
*geometry* verbose mode - [ preamble ] result:
* driver: xetex
* paper: a4paper
* layout: <same size as paper>
* layoutoffset:(h,v)=(0.0pt,0.0pt)
* modes: includehead 
* h-part:(L,W,R)=(88.2037pt, 421.10046pt, 88.2037pt)
* v-part:(T,H,B)=(71.13188pt, 697.09262pt, 76.82234pt)
* \paperwidth=597.50787pt
* \paperheight=845.04684pt
* \textwidth=421.10046pt
* \textheight=662.33034pt
* \oddsidemargin=15.93372pt
* \evensidemargin=15.93372pt
* \topmargin=-1.1381pt
* \headheight=15.0pt
* \headsep=22.76228pt
* \topskip=10.0pt
* \footskip=34.14322pt
* \marginparwidth=57.0pt
* \marginparsep=11.0pt
* \columnsep=10.0pt
* \skip\footins=9.0pt plus 4.0pt minus 2.0pt
* \hoffset=0.0pt
* \voffset=0.0pt
* \mag=1000
* \@twocolumnfalse
* \@twosidefalse
* \@mparswitchfalse
* \@reversemarginfalse
* (1in=72.27pt=25.4mm, 1cm=28.453pt)

LaTeX Info: Redefining \microtypecontext on input line 211.
Package microtype Info: Applying patch `item' on input line 211.
Package microtype Info: Applying patch `toc' on input line 211.
Package microtype Info: Applying patch `eqnum' on input line 211.
Package microtype Info: Applying patch `footnote' on input line 211.
Package microtype Info: Character protrusion enabled (level 2).
Package microtype Info: Using default protrusion set `alltext'.
Package microtype Info: No adjustment of tracking.
Package microtype Info: No adjustment of spacing.
Package microtype Info: No adjustment of kerning.
Package microtype Info: Loading generic protrusion settings for font family
(microtype)             `ybv' (encoding: T1).
(microtype)             For optimal results, create family-specific settings.
(microtype)             See the microtype manual for details.
(c:/Users/kenji/AppData/Roaming/TinyTeX/texmf-dist/tex/latex/upquote/upquote.sty
Package: upquote 2012/04/19 v1.3 upright-quote and grave-accent glyphs in verbatim
)
Package hyperref Info: Link coloring ON on input line 211.
(c:/Users/kenji/AppData/Roaming/TinyTeX/texmf-dist/tex/latex/hyperref/nameref.sty
Package: nameref 2021-04-02 v2.47 Cross-referencing by name of section
(c:/Users/kenji/AppData/Roaming/TinyTeX/texmf-dist/tex/latex/refcount/refcount.sty
Package: refcount 2019/12/15 v3.6 Data extraction from label references (HO)
) (c:/Users/kenji/AppData/Roaming/TinyTeX/texmf-dist/tex/generic/gettitlestring/gettitlestring.sty
Package: gettitlestring 2019/12/15 v1.6 Cleanup title references (HO)
)
\c@section@level=\count352
)
LaTeX Info: Redefining \ref on input line 211.
LaTeX Info: Redefining \pageref on input line 211.
LaTeX Info: Redefining \nameref on input line 211.
\@outlinefile=\write4
\openout4 = `Chin_Chapter_4_2022-01-10.out'.


Package hyperref Warning: Rerun to get /PageLabels entry.

Package caption Info: Begin \AtBeginDocument code.
Package caption Info: rotating package is loaded.
Package caption Info: End \AtBeginDocument code.
(c:/Users/kenji/AppData/Roaming/TinyTeX/texmf-dist/tex/latex/pdflscape/pdflscape.sty
Package: pdflscape 2019/12/05 v0.12 Display of landscape pages in PDF (HO)
(c:/Users/kenji/AppData/Roaming/TinyTeX/texmf-dist/tex/latex/graphics/lscape.sty
Package: lscape 2020/05/28 v3.02 Landscape Pages (DPC)
)
Package pdflscape Info: Auto-detected driver: dvipdfm (xetex) on input line 98.
)
LaTeX Font Info:    Trying to load font information for OT1+ppl on input line 214.
(c:/Users/kenji/AppData/Roaming/TinyTeX/texmf-dist/tex/latex/psnfss/ot1ppl.fd
File: ot1ppl.fd 2001/06/04 font definitions for OT1/ppl.
) (c:/Users/kenji/AppData/Roaming/TinyTeX/texmf-dist/tex/latex/microtype/mt-ppl.cfg
File: mt-ppl.cfg 2005/11/16 v1.6 microtype config. file: Palatino (RS)
)
LaTeX Font Info:    Trying to load font information for OML+zplm on input line 214.
(c:/Users/kenji/AppData/Roaming/TinyTeX/texmf-dist/tex/latex/psnfss/omlzplm.fd
File: omlzplm.fd 2002/09/08 Fontinst v1.914 font definitions for OML/zplm.
)
LaTeX Font Info:    Trying to load font information for OMS+zplm on input line 214.
(c:/Users/kenji/AppData/Roaming/TinyTeX/texmf-dist/tex/latex/psnfss/omszplm.fd
File: omszplm.fd 2002/09/08 Fontinst v1.914 font definitions for OMS/zplm.
)
LaTeX Font Info:    Trying to load font information for OMX+zplm on input line 214.
(c:/Users/kenji/AppData/Roaming/TinyTeX/texmf-dist/tex/latex/psnfss/omxzplm.fd
File: omxzplm.fd 2002/09/08 Fontinst v1.914 font definitions for OMX/zplm.
)
LaTeX Font Info:    Trying to load font information for OT1+zplm on input line 214.
(c:/Users/kenji/AppData/Roaming/TinyTeX/texmf-dist/tex/latex/psnfss/ot1zplm.fd
File: ot1zplm.fd 2002/09/08 Fontinst v1.914 font definitions for OT1/zplm.
)
Package microtype Info: Loading generic protrusion settings for font family
(microtype)             `zplm' (encoding: OT1).
(microtype)             For optimal results, create family-specific settings.
(microtype)             See the microtype manual for details.
LaTeX Font Info:    Font shape `U/msa/m/n' will be
(Font)              scaled to size 12.50409pt on input line 214.
(c:/Users/kenji/AppData/Roaming/TinyTeX/texmf-dist/tex/latex/microtype/mt-msa.cfg
File: mt-msa.cfg 2006/02/04 v1.1 microtype config. file: AMS symbols (a) (RS)
)
LaTeX Font Info:    Font shape `U/msa/m/n' will be
(Font)              scaled to size 9.37807pt on input line 214.
LaTeX Font Info:    Font shape `U/msa/m/n' will be
(Font)              scaled to size 7.29405pt on input line 214.
LaTeX Font Info:    Font shape `U/msb/m/n' will be
(Font)              scaled to size 12.50409pt on input line 214.
(c:/Users/kenji/AppData/Roaming/TinyTeX/texmf-dist/tex/latex/microtype/mt-msb.cfg
File: mt-msb.cfg 2005/06/01 v1.0 microtype config. file: AMS symbols (b) (RS)
)
LaTeX Font Info:    Font shape `U/msb/m/n' will be
(Font)              scaled to size 9.37807pt on input line 214.
LaTeX Font Info:    Font shape `U/msb/m/n' will be
(Font)              scaled to size 7.29405pt on input line 214.
[1

]
LaTeX Font Info:    Trying to load font information for T1+phv on input line 217.
(c:/Users/kenji/AppData/Roaming/TinyTeX/texmf-dist/tex/latex/psnfss/t1phv.fd
File: t1phv.fd 2020/03/25 scalable font definitions for T1/phv.
)
Package microtype Info: Loading generic protrusion settings for font family
(microtype)             `phv' (encoding: T1).
(microtype)             For optimal results, create family-specific settings.
(microtype)             See the microtype manual for details.
\tf@toc=\write5
\openout5 = `Chin_Chapter_4_2022-01-10.toc'.

[1

]
Chapter 1.
[2

]
Chapter 2.
[3

]
Chapter 3.
[4

]
Chapter 4.
LaTeX Font Info:    Trying to load font information for T1+zi4 on input line 346.
(c:/Users/kenji/AppData/Roaming/TinyTeX/texmf-dist/tex/latex/inconsolata/t1zi4.fd
File: t1zi4.fd 2018/01/14 T1/zi4 (Inconsolata)
)
LaTeX Font Info:    Font shape `T1/zi4/m/n' will be
(Font)              scaled to size 10.0pt on input line 346.
Package microtype Info: Loading generic protrusion settings for font family
(microtype)             `zi4' (encoding: T1).
(microtype)             For optimal results, create family-specific settings.
(microtype)             See the microtype manual for details.

LaTeX Font Warning: Font shape `T1/zi4/m/it' undefined
(Font)              using `T1/zi4/m/n' instead on input line 363.

LaTeX Font Info:    Trying to load font information for TS1+zi4 on input line 365.
(c:/Users/kenji/AppData/Roaming/TinyTeX/texmf-dist/tex/latex/inconsolata/ts1zi4.fd
File: ts1zi4.fd 2018/01/14 TS1/zi4 (Inconsolata)
)
LaTeX Font Info:    Font shape `TS1/zi4/m/n' will be
(Font)              scaled to size 10.0pt on input line 365.
Package microtype Info: Loading generic protrusion settings for font family
(microtype)             `zi4' (encoding: TS1).
(microtype)             For optimal results, create family-specific settings.
(microtype)             See the microtype manual for details.
LaTeX Font Info:    Font shape `T1/zi4/b/n' will be
(Font)              scaled to size 10.0pt on input line 366.
LaTeX Font Info:    Font shape `T1/zi4/m/it' will be
(Font)              scaled to size 10.0pt on input line 367.
[5

] [6]
Chapter 4.
[7

]
File: versions/Chin_Chapter_4_2022-01-10_files/figure-latex/unnamed-chunk-1-1.pdf Graphic file (type pdf)
<use versions/Chin_Chapter_4_2022-01-10_files/figure-latex/unnamed-chunk-1-1.pdf>

Overfull \hbox (48.6534pt too wide) in paragraph at lines 448--450
 [][] 
 []

[8] [9]
File: versions/Chin_Chapter_4_2022-01-10_files/figure-latex/unnamed-chunk-2-3.pdf Graphic file (type pdf)
<use versions/Chin_Chapter_4_2022-01-10_files/figure-latex/unnamed-chunk-2-3.pdf>

Overfull \hbox (48.6534pt too wide) in paragraph at lines 484--486
 [][] 
 []

[10]
LaTeX Font Info:    Font shape `U/msa/m/n' will be
(Font)              scaled to size 10.42007pt on input line 517.
LaTeX Font Info:    Font shape `U/msa/m/n' will be
(Font)              scaled to size 7.91925pt on input line 517.
LaTeX Font Info:    Font shape `U/msa/m/n' will be
(Font)              scaled to size 6.25204pt on input line 517.
LaTeX Font Info:    Font shape `U/msb/m/n' will be
(Font)              scaled to size 10.42007pt on input line 517.
LaTeX Font Info:    Font shape `U/msb/m/n' will be
(Font)              scaled to size 7.91925pt on input line 517.
LaTeX Font Info:    Font shape `U/msb/m/n' will be
(Font)              scaled to size 6.25204pt on input line 517.

Package longtable Warning: Column widths have changed
(longtable)                in table 4.1 on input line 551.

[11]
File: versions/Chin_Chapter_4_2022-01-10_files/figure-latex/unnamed-chunk-5-1.pdf Graphic file (type pdf)
<use versions/Chin_Chapter_4_2022-01-10_files/figure-latex/unnamed-chunk-5-1.pdf>

Overfull \hbox (63.6534pt too wide) in paragraph at lines 578--579
[][] 
 []

[12]
File: versions/Chin_Chapter_4_2022-01-10_files/figure-latex/unnamed-chunk-6-3.pdf Graphic file (type pdf)
<use versions/Chin_Chapter_4_2022-01-10_files/figure-latex/unnamed-chunk-6-3.pdf>

Overfull \hbox (48.6534pt too wide) in paragraph at lines 624--626
 [][] 
 []

[13] [14]

Package longtable Warning: Column widths have changed
(longtable)                in table 4.2 on input line 667.

[15] [16] [17]
Missing character: There is no — ("2014) in font t1-zi4r-0!
Missing character: There is no — ("2014) in font t1-zi4r-0!
Missing character: There is no ！ ("FF01) in font t1-zi4r-0!
Missing character: There is no ， ("FF0C) in font t1-zi4r-0!
Missing character: There is no 。 ("3002) in font t1-zi4r-0!
Missing character: There is no ？ ("FF1F) in font t1-zi4r-0!
Missing character: There is no 、 ("3001) in font t1-zi4r-0!
Missing character: There is no ￥ ("FFE5) in font t1-zi4r-0!
Missing character: There is no … ("2026) in font t1-zi4r-0!
Missing character: There is no … ("2026) in font t1-zi4r-0!
Missing character: There is no （ ("FF08) in font t1-zi4r-0!
Missing character: There is no ） ("FF09) in font t1-zi4r-0!
Missing character: There is no 【 ("3010) in font t1-zi4r-0!
Missing character: There is no 】 ("3011) in font t1-zi4r-0!
Missing character: There is no ╮ ("256E) in font t1-zi4r-0!
Missing character: There is no ╯ ("256F) in font t1-zi4r-0!
Missing character: There is no ▽ ("25BD) in font t1-zi4r-0!
Missing character: There is no ╰ ("2570) in font t1-zi4r-0!
Missing character: There is no ╭ ("256D) in font t1-zi4r-0!
Missing character: There is no ★ ("2605) in font t1-zi4r-0!
Missing character: There is no → ("2192) in font t1-zi4r-0!
Missing character: There is no 「 ("300C) in font t1-zi4r-0!
Missing character: There is no 」 ("300D) in font t1-zi4r-0!
Missing character: There is no ！ ("FF01) in font t1-zi4r-0!
Missing character: There is no ， ("FF0C) in font t1-zi4r-0!
Missing character: There is no ❤ ("2764) in font t1-zi4r-0!
Missing character: There is no 。 ("3002) in font t1-zi4r-0!
Missing character: There is no ～ ("FF5E) in font t1-zi4r-0!
Missing character: There is no 《 ("300A) in font t1-zi4r-0!
Missing character: There is no 》 ("300B) in font t1-zi4r-0!
Missing character: There is no ： ("FF1A) in font t1-zi4r-0!
Missing character: There is no （ ("FF08) in font t1-zi4r-0!
Missing character: There is no ） ("FF09) in font t1-zi4r-0!
Missing character: There is no 【 ("3010) in font t1-zi4r-0!
Missing character: There is no 】 ("3011) in font t1-zi4r-0!
Missing character: There is no 「 ("300C) in font t1-zi4r-0!
Missing character: There is no 」 ("300D) in font t1-zi4r-0!
Missing character: There is no ？ ("FF1F) in font t1-zi4r-0!
Missing character: There is no ” ("201D) in font t1-zi4r-0!
Missing character: There is no “ ("201C) in font t1-zi4r-0!
Missing character: There is no ； ("FF1B) in font t1-zi4r-0!
Missing character: There is no ： ("FF1A) in font t1-zi4r-0!
Missing character: There is no 、 ("3001) in font t1-zi4r-0!
Missing character: There is no 介 ("4ECB) in font t1-zi4r-0!
Missing character: There is no 住 ("4F4F) in font t1-zi4r-0!
Missing character: There is no 便 ("4FBF) in font t1-zi4r-0!
Missing character: There is no 儻 ("513B) in font t1-zi4r-0!
Missing character: There is no 具 ("5177) in font t1-zi4r-0!
Missing character: There is no 體 ("9AD4) in font t1-zi4r-0!
Missing character: There is no 兼 ("517C) in font t1-zi4r-0!
Missing character: There is no 出 ("51FA) in font t1-zi4r-0!
Missing character: There is no 前 ("524D) in font t1-zi4r-0!
Missing character: There is no 反 ("53CD) in font t1-zi4r-0!
Missing character: There is no 過 ("904E) in font t1-zi4r-0!
Missing character: There is no 唷 ("5537) in font t1-zi4r-0!
Missing character: There is no 啪 ("556A) in font t1-zi4r-0!
Missing character: There is no 啷 ("5577) in font t1-zi4r-0!
Missing character: There is no 喔 ("5594) in font t1-zi4r-0!
Missing character: There is no 噠 ("5660) in font t1-zi4r-0!
Missing character: There is no 基 ("57FA) in font t1-zi4r-0!
Missing character: There is no 天 ("5929) in font t1-zi4r-0!
Missing character: There is no 奈 ("5948) in font t1-zi4r-0!
Missing character: There is no 何 ("4F55) in font t1-zi4r-0!
Missing character: There is no 始 ("59CB) in font t1-zi4r-0!
Missing character: There is no 度 ("5EA6) in font t1-zi4r-0!
Missing character: There is no 庶 ("5EB6) in font t1-zi4r-0!
Missing character: There is no 怕 ("6015) in font t1-zi4r-0!
Missing character: There is no 成 ("6210) in font t1-zi4r-0!
Missing character: There is no 所 ("6240) in font t1-zi4r-0!
Missing character: There is no 述 ("8FF0) in font t1-zi4r-0!
Missing character: There is no 換 ("63DB) in font t1-zi4r-0!
Missing character: There is no 句 ("53E5) in font t1-zi4r-0!
Missing character: There is no 換 ("63DB) in font t1-zi4r-0!
Missing character: There is no 言 ("8A00) in font t1-zi4r-0!
Missing character: There is no 日 ("65E5) in font t1-zi4r-0!
Missing character: There is no 梗 ("6897) in font t1-zi4r-0!
Missing character: There is no 樣 ("6A23) in font t1-zi4r-0!
Missing character: There is no 死 ("6B7B) in font t1-zi4r-0!
Missing character: There is no 沒 ("6C92) in font t1-zi4r-0!
Missing character: There is no 消 ("6D88) in font t1-zi4r-0!
Missing character: There is no 然 ("7136) in font t1-zi4r-0!
Missing character: There is no 然 ("7136) in font t1-zi4r-0!
Missing character: There is no 之 ("4E4B) in font t1-zi4r-0!
Missing character: There is no 特 ("7279) in font t1-zi4r-0!
Missing character: There is no 甚 ("751A) in font t1-zi4r-0!
Missing character: There is no 相 ("76F8) in font t1-zi4r-0!
Missing character: There is no 對 ("5C0D) in font t1-zi4r-0!
Missing character: There is no 真 ("771F) in font t1-zi4r-0!
Missing character: There is no 竟 ("7ADF) in font t1-zi4r-0!
Missing character: There is no 簡 ("7C21) in font t1-zi4r-0!
Missing character: There is no 言 ("8A00) in font t1-zi4r-0!
Missing character: There is no 綜 ("7D9C) in font t1-zi4r-0!
Missing character: There is no 上 ("4E0A) in font t1-zi4r-0!
Missing character: There is no 緊 ("7DCA) in font t1-zi4r-0!
Missing character: There is no 接 ("63A5) in font t1-zi4r-0!
Missing character: There is no 總 ("7E3D) in font t1-zi4r-0!
Missing character: There is no 自 ("81EA) in font t1-zi4r-0!
Missing character: There is no 個 ("500B) in font t1-zi4r-0!
Missing character: There is no 莫 ("83AB) in font t1-zi4r-0!
Missing character: There is no 處 ("8655) in font t1-zi4r-0!
Missing character: There is no 見 ("898B) in font t1-zi4r-0!
Missing character: There is no 設 ("8A2D) in font t1-zi4r-0!
Missing character: There is no 說 ("8AAA) in font t1-zi4r-0!
Missing character: There is no 豈 ("8C48) in font t1-zi4r-0!
Missing character: There is no 賊 ("8CCA) in font t1-zi4r-0!
Missing character: There is no 辦 ("8FA6) in font t1-zi4r-0!
Missing character: There is no 達 ("9054) in font t1-zi4r-0!
Missing character: There is no 鑒 ("9452) in font t1-zi4r-0!
Missing character: There is no 限 ("9650) in font t1-zi4r-0!
Missing character: There is no 難 ("96E3) in font t1-zi4r-0!
Missing character: There is no 道 ("9053) in font t1-zi4r-0!
Missing character: There is no 雲 ("96F2) in font t1-zi4r-0!
Missing character: There is no 非 ("975E) in font t1-zi4r-0!
Missing character: There is no 點 ("9EDE) in font t1-zi4r-0!
Missing character: There is no 兒 ("5152) in font t1-zi4r-0!

Overfull \hbox (1772.8038pt too wide) in paragraph at lines 836--836
[]\T1/zi4/m/it/10 ## C:\Users\kenji\ANACON~1\envs\py_397\lib\site-packages\sklearn\feature_extraction\text.py:396: UserWarning: Your stop_words may be inconsistent with your preprocessing. Tokenizing the stop words generated tokens [\TS1/zi4/m/n/10 ''\T1/zi4/m/it/10 , \TS1/zi4/m/n/10 ''\T1/zi4/m/it/10 , \TS1/zi4/m/n/10 ''\T1/zi4/m/it/10 , \TS1/zi4/m/n/10 ''\T1/zi4/m/it/10 , \TS1/zi4/m/n/10 ''\T1/zi4/m/it/10 , \TS1/zi4/m/n/10 ''\T1/zi4/m/it/10 , \TS1/zi4/m/n/10 ''\T1/zi4/m/it/10 , \TS1/zi4/m/n/10 ''\T1/zi4/m/it/10 , \TS1/zi4/m/n/10 ''\T1/zi4/m/it/10 , \TS1/zi4/m/n/10 ''\T1/zi4/m/it/10 , \TS1/zi4/m/n/10 ''\T1/zi4/m/it/10 , \TS1/zi4/m/n/10 ''\T1/zi4/m/it/10 , \TS1/zi4/m/n/10 ''\T1/zi4/m/it/10 , \TS1/zi4/m/n/10 ''\T1/zi4/m/it/10 , \TS1/zi4/m/n/10 ''\T1/zi4/m/it/10 , \TS1/zi4/m/n/10 ''\T1/zi4/m/it/10 , \TS1/zi4/m/n/10 ''\T1/zi4/m/it/10 , \TS1/zi4/m/n/10 ''\T1/zi4/m/it/10 , \TS1/zi4/m/n/10 ''\T1/zi4/m/it/10 , \TS1/zi4/m/n/10 ''\T1/zi4/m/it/10 , \TS1/zi4/m/n/10 ''\T1/zi4/m/it/10 , \TS1/zi4/m/n/10 ''\T1/zi4/m/it/10 , \TS1/zi4/m/n/10 ''\T1/zi4/m/it/10 , \TS1/zi4/m/n/10 ''\T1/zi4/m/it/10 , \TS1/zi4/m/n/10 ''\T1/zi4/m/it/10 , \TS1/zi4/m/n/10 ''\T1/zi4/m/it/10 , \TS1/zi4/m/n/10 ''\T1/zi4/m/it/10 , \TS1/zi4/m/n/10 ''\T1/zi4/m/it/10 , \TS1/zi4/m/n/10 ''\T1/zi4/m/it/10 , \TS1/zi4/m/n/10 ''\T1/zi4/m/it/10 , \TS1/zi4/m/n/10 ''\T1/zi4/m/it/10 , \TS1/zi4/m/n/10 ''\T1/zi4/m/it/10 , \TS1/zi4/m/n/10 ''\T1/zi4/m/it/10 , \TS1/zi4/m/n/10 ''\T1/zi4/m/it/10 , \TS1/zi4/m/n/10 ''\T1/zi4/m/it/10 , \TS1/zi4/m/n/10 ''\T1/zi4/m/it/10 , \TS1/zi4/m/n/10 ''\T1/zi4/m/it/10 , \TS1/zi4/m/n/10 ''\T1/zi4/m/it/10 , \TS1/zi4/m/n/10 ''\T1/zi4/m/it/10 , \TS1/zi4/m/n/10 ''\T1/zi4/m/it/10 , \TS1/zi4/m/n/10 ''\T1/zi4/m/it/10 , \TS1/zi4/m/n/10 ''\T1/zi4/m/it/10 , \TS1/zi4/m/n/10 ''\T1/zi4/m/it/10 , \TS1/zi4/m/n/10 ''\T1/zi4/m/it/10 , \TS1/zi4/m/n/10 ''\T1/zi4/m/it/10 , \TS1/zi4/m/n/10 ''\T1/zi4/m/it/10 , \TS1/zi4/m/n/10 ''\T1/zi4/m/it/10 , \TS1/zi4/m/n/10 ''\T1/zi4/m/it/10 , \TS1/zi4/m/n/10 ''\T1/zi4/m/it/10 , \TS1/zi4/m/n/10 ''\T1/zi4/m/it/10 , \TS1/zi4/m/n/10 ''\T1/zi4/m/it/10 , \TS1/zi4/m/n/10 ''\T1/zi4/m/it/10 , \TS1/zi4/m/n/10 ''\T1/zi4/m/it/10 , \TS1/zi4/m/n/10 ''\T1/zi4/m/it/10 , \TS1/zi4/m/n/10 ''\T1/zi4/m/it/10 , \TS1/zi4/m/n/10 ''\T1/zi4/m/it/10 , \TS1/zi4/m/n/10 ''\T1/zi4/m/it/10 , \TS1/zi4/m/n/10 ''\T1/zi4/m/it/10 ] not in stop_words.[] 
 []

[18]
File: versions/Chin_Chapter_4_2022-01-10_files/figure-latex/unnamed-chunk-9-1.pdf Graphic file (type pdf)
<use versions/Chin_Chapter_4_2022-01-10_files/figure-latex/unnamed-chunk-9-1.pdf>

Overfull \hbox (48.6534pt too wide) in paragraph at lines 854--856
 [][] 
 []


LaTeX Font Warning: Font shape `TS1/zi4/m/it' undefined
(Font)              using `TS1/zi4/m/n' instead
(Font)              for symbol `textquotesingle' on input line 863.


Overfull \vbox (1.3038pt too high) detected at line 867
 []

[19]
LaTeX Font Info:    Font shape `U/msa/m/n' will be
(Font)              scaled to size 8.33606pt on input line 873.
LaTeX Font Info:    Font shape `U/msa/m/n' will be
(Font)              scaled to size 5.21004pt on input line 873.
LaTeX Font Info:    Font shape `U/msb/m/n' will be
(Font)              scaled to size 8.33606pt on input line 873.
LaTeX Font Info:    Font shape `U/msb/m/n' will be
(Font)              scaled to size 5.21004pt on input line 873.
[20]
LaTeX Font Info:    Font shape `TS1/zi4/m/it' will be
(Font)              scaled to size 10.0pt on input line 929.
[21]
Underfull \vbox (badness 2409) has occurred while \output is active []

[22]

Package longtable Warning: Column widths have changed
(longtable)                in table 4.3 on input line 1020.

[23]

Package longtable Warning: Column widths have changed
(longtable)                in table 4.4 on input line 1075.


Package longtable Warning: Column widths have changed
(longtable)                in table 4.5 on input line 1101.

[24]
Package textcomp Info: Symbol \textasciigrave not provided by
(textcomp)             font family zi4 in TS1 encoding.
(textcomp)             Default family used instead on input line 1141.
LaTeX Font Info:    Trying to load font information for T1+lmtt on input line 1141.
(c:/Users/kenji/AppData/Roaming/TinyTeX/texmf-dist/tex/latex/lm/t1lmtt.fd
File: t1lmtt.fd 2015/05/01 v1.6.1 Font defs for Latin Modern
)
Package microtype Info: Loading generic protrusion settings for font family
(microtype)             `lmtt' (encoding: T1).
(microtype)             For optimal results, create family-specific settings.
(microtype)             See the microtype manual for details.
LaTeX Font Info:    Trying to load font information for TS1+lmtt on input line 1141.
(c:/Users/kenji/AppData/Roaming/TinyTeX/texmf-dist/tex/latex/lm/ts1lmtt.fd
File: ts1lmtt.fd 2015/05/01 v1.6.1 Font defs for Latin Modern
)
Package microtype Info: Loading generic protrusion settings for font family
(microtype)             `lmtt' (encoding: TS1).
(microtype)             For optimal results, create family-specific settings.
(microtype)             See the microtype manual for details.
Package microtype Info: Character `texttrademark ' is missing
(microtype)             in font `TS1/lmtt/m/n/10'.
(microtype)             Ignoring protrusion settings for this character.
Package textcomp Info: Symbol \textasciigrave not provided by
(textcomp)             font family zi4 in TS1 encoding.
(textcomp)             Default family used instead on input line 1141.
[25]
File: versions/Chin_Chapter_4_2022-01-10_files/figure-latex/unnamed-chunk-13-1.pdf Graphic file (type pdf)
<use versions/Chin_Chapter_4_2022-01-10_files/figure-latex/unnamed-chunk-13-1.pdf>

Overfull \hbox (157.05809pt too wide) in paragraph at lines 1164--1166
 [][] 
 []


LaTeX Warning: Float too large for page by 45.23299pt on input line 1167.

File: versions/Chin_Chapter_4_2022-01-10_files/figure-latex/unnamed-chunk-14-3.pdf Graphic file (type pdf)
<use versions/Chin_Chapter_4_2022-01-10_files/figure-latex/unnamed-chunk-14-3.pdf>

Overfull \hbox (157.05809pt too wide) in paragraph at lines 1190--1192
 [][] 
 []


LaTeX Warning: Float too large for page by 45.23299pt on input line 1193.

File: versions/Chin_Chapter_4_2022-01-10_files/figure-latex/unnamed-chunk-15-5.pdf Graphic file (type pdf)
<use versions/Chin_Chapter_4_2022-01-10_files/figure-latex/unnamed-chunk-15-5.pdf>

Overfull \hbox (172.05809pt too wide) in paragraph at lines 1217--1218
[][] 
 []

[26] [27] [28]
Overfull \vbox (24.23299pt too high) has occurred while \output is active []

[29]
File: versions/Chin_Chapter_4_2022-01-10_files/figure-latex/unnamed-chunk-16-7.pdf Graphic file (type pdf)
<use versions/Chin_Chapter_4_2022-01-10_files/figure-latex/unnamed-chunk-16-7.pdf>

Overfull \hbox (172.05809pt too wide) in paragraph at lines 1225--1226
[][] 
 []


Underfull \vbox (badness 10000) has occurred while \output is active []

[30]
Overfull \vbox (24.23299pt too high) has occurred while \output is active []

[31] [32]
Chapter 5.
[33

]

! LaTeX Error: Environment CSLReferences undefined.

See the LaTeX manual or LaTeX Companion for explanation.
Type  H <return>  for immediate help.
 ...                                              
                                                  
l.1284 \begin{CSLReferences}
                            {1}{0} 
Here is how much of TeX's memory you used:
 19727 strings out of 478256
 385817 string characters out of 5854460
 749449 words of memory out of 5000000
 39918 multiletter control sequences out of 15000+600000
 526392 words of font info for 116 fonts, out of 8000000 for 9000
 14 hyphenation exceptions out of 8191
 73i,12n,117p,1031b,476s stack positions out of 5000i,500n,10000p,200000b,80000s

Output written on Chin_Chapter_4_2022-01-10.pdf (34 pages).
